  [1m[35m (420.8ms)[0m  [1m[35mCREATE DATABASE "vuerails_development" ENCODING = 'unicode'[0m
  [1m[35m (99.2ms)[0m  [1m[35mCREATE DATABASE "vuerails_test" ENCODING = 'unicode'[0m
  [1m[35m (41.2ms)[0m  [1m[35mCREATE TABLE "schema_migrations" ("version" character varying NOT NULL PRIMARY KEY)[0m
  [1m[35m (5.8ms)[0m  [1m[35mCREATE TABLE "ar_internal_metadata" ("key" character varying NOT NULL PRIMARY KEY, "value" character varying, "created_at" timestamp(6) NOT NULL, "updated_at" timestamp(6) NOT NULL)[0m
  [1m[35m (1.7ms)[0m  [1m[34mSELECT pg_try_advisory_lock(2963435355795465600)[0m
  [1m[36mActiveRecord::SchemaMigration Pluck (1.3ms)[0m  [1m[34mSELECT "schema_migrations"."version" FROM "schema_migrations" ORDER BY "schema_migrations"."version" ASC[0m
  [1m[36mActiveRecord::InternalMetadata Load (0.9ms)[0m  [1m[34mSELECT "ar_internal_metadata".* FROM "ar_internal_metadata" WHERE "ar_internal_metadata"."key" = $1 LIMIT $2[0m  [["key", "environment"], ["LIMIT", 1]]
  [1m[36mTRANSACTION (0.1ms)[0m  [1m[35mBEGIN[0m
  [1m[36mActiveRecord::InternalMetadata Create (3.9ms)[0m  [1m[32mINSERT INTO "ar_internal_metadata" ("key", "value", "created_at", "updated_at") VALUES ($1, $2, $3, $4) RETURNING "key"[0m  [["key", "environment"], ["value", "development"], ["created_at", "2023-05-28 07:45:55.500615"], ["updated_at", "2023-05-28 07:45:55.500615"]]
  [1m[36mTRANSACTION (0.4ms)[0m  [1m[35mCOMMIT[0m
  [1m[35m (0.4ms)[0m  [1m[34mSELECT pg_advisory_unlock(2963435355795465600)[0m
  [1m[36mActiveRecord::SchemaMigration Pluck (0.4ms)[0m  [1m[34mSELECT "schema_migrations"."version" FROM "schema_migrations" ORDER BY "schema_migrations"."version" ASC[0m
Started GET "/" for ::1 at 2023-05-28 16:47:48 +0900
  [1m[36mActiveRecord::SchemaMigration Pluck (0.5ms)[0m  [1m[34mSELECT "schema_migrations"."version" FROM "schema_migrations" ORDER BY "schema_migrations"."version" ASC[0m
Processing by WelcomeController#index as HTML
  Rendering layout layouts/application.html.erb
  Rendering welcome/index.html.erb within layouts/application
  Rendered welcome/index.html.erb within layouts/application (Duration: 2.0ms | Allocations: 396)
  Rendered layout layouts/application.html.erb (Duration: 36.8ms | Allocations: 7470)
Completed 200 OK in 44ms (Views: 43.1ms | ActiveRecord: 0.0ms | Allocations: 9150)


  [1m[35m (10.4ms)[0m  [1m[34mSELECT pg_try_advisory_lock(2963435355795465600)[0m
  [1m[36mActiveRecord::SchemaMigration Pluck (0.6ms)[0m  [1m[34mSELECT "schema_migrations"."version" FROM "schema_migrations" ORDER BY "schema_migrations"."version" ASC[0m
Migrating to CreateAccounts (20230528075331)
  [1m[36mTRANSACTION (0.2ms)[0m  [1m[35mBEGIN[0m
  [1m[35m (88.3ms)[0m  [1m[35mCREATE TABLE "accounts" ("id" bigserial primary key, "first_name" character varying, "last_name" character varying, "email" character varying, "created_at" timestamp(6) NOT NULL, "updated_at" timestamp(6) NOT NULL)[0m
  [1m[36mActiveRecord::SchemaMigration Create (14.3ms)[0m  [1m[32mINSERT INTO "schema_migrations" ("version") VALUES ($1) RETURNING "version"[0m  [["version", "20230528075331"]]
  [1m[36mTRANSACTION (0.9ms)[0m  [1m[35mCOMMIT[0m
Migrating to CreateProperties (20230528075447)
  [1m[36mTRANSACTION (0.4ms)[0m  [1m[35mBEGIN[0m
  [1m[35m (3.6ms)[0m  [1m[35mCREATE TABLE "properties" ("id" bigserial primary key, "account_id" bigint, "location_id" bigint, "title" character varying, "price" integer, "rooms" integer, "bathrooms" integer, "photo" character varying, "avg_rating" integer, "created_at" timestamp(6) NOT NULL, "updated_at" timestamp(6) NOT NULL)[0m
  [1m[35m (1.3ms)[0m  [1m[35mCREATE INDEX "index_properties_on_account_id" ON "properties" ("account_id")[0m
  [1m[35m (6.7ms)[0m  [1m[35mCREATE INDEX "index_properties_on_location_id" ON "properties" ("location_id")[0m
  [1m[36mActiveRecord::SchemaMigration Create (0.8ms)[0m  [1m[32mINSERT INTO "schema_migrations" ("version") VALUES ($1) RETURNING "version"[0m  [["version", "20230528075447"]]
  [1m[36mTRANSACTION (0.4ms)[0m  [1m[35mCOMMIT[0m
Migrating to CreateLocations (20230528082720)
  [1m[36mTRANSACTION (0.4ms)[0m  [1m[35mBEGIN[0m
  [1m[35m (10.2ms)[0m  [1m[35mCREATE TABLE "locations" ("id" bigserial primary key, "name" character varying, "address" character varying, "latitude" float, "longitude" float, "created_at" timestamp(6) NOT NULL, "updated_at" timestamp(6) NOT NULL)[0m
  [1m[35m (2.6ms)[0m  [1m[35mCREATE INDEX "index_locations_on_latitude" ON "locations" ("latitude")[0m
  [1m[35m (2.2ms)[0m  [1m[35mCREATE INDEX "index_locations_on_longitude" ON "locations" ("longitude")[0m
  [1m[36mActiveRecord::SchemaMigration Create (0.4ms)[0m  [1m[32mINSERT INTO "schema_migrations" ("version") VALUES ($1) RETURNING "version"[0m  [["version", "20230528082720"]]
  [1m[36mTRANSACTION (0.5ms)[0m  [1m[35mCOMMIT[0m
  [1m[36mActiveRecord::InternalMetadata Load (0.9ms)[0m  [1m[34mSELECT "ar_internal_metadata".* FROM "ar_internal_metadata" WHERE "ar_internal_metadata"."key" = $1 LIMIT $2[0m  [["key", "environment"], ["LIMIT", 1]]
  [1m[35m (0.3ms)[0m  [1m[34mSELECT pg_advisory_unlock(2963435355795465600)[0m
  [1m[36mActiveRecord::SchemaMigration Pluck (8.7ms)[0m  [1m[34mSELECT "schema_migrations"."version" FROM "schema_migrations" ORDER BY "schema_migrations"."version" ASC[0m
Started GET "/" for ::1 at 2023-05-28 17:29:08 +0900
  [1m[36mActiveRecord::SchemaMigration Pluck (0.5ms)[0m  [1m[34mSELECT "schema_migrations"."version" FROM "schema_migrations" ORDER BY "schema_migrations"."version" ASC[0m
Processing by WelcomeController#index as HTML
  Rendering layout layouts/application.html.erb
  Rendering welcome/index.html.erb within layouts/application
  Rendered welcome/index.html.erb within layouts/application (Duration: 2.0ms | Allocations: 396)
Building with Vite ⚡️
vite v4.3.9 building for development...

transforming...

✓ 1 modules transformed.

rendering chunks...

computing gzip size...

../../public/vite-dev/manifest-assets.json            0.00 kB │ gzip: 0.02 kB

../../public/vite-dev/manifest.json                   0.15 kB │ gzip: 0.11 kB

../../public/vite-dev/assets/application-b40e3d44.js  0.13 kB │ gzip: 0.13 kB

✓ built in 215ms

Build with Vite complete: /Users/juliaes/HelloJapan/old-houses/vuerails/public/vite-dev
  Rendered layout layouts/application.html.erb (Duration: 1745.1ms | Allocations: 13045)
Completed 200 OK in 1751ms (Views: 1749.8ms | ActiveRecord: 0.0ms | Allocations: 14737)


Started GET "/" for ::1 at 2023-05-28 17:38:31 +0900
  [1m[36mActiveRecord::SchemaMigration Pluck (1.4ms)[0m  [1m[34mSELECT "schema_migrations"."version" FROM "schema_migrations" ORDER BY "schema_migrations"."version" ASC[0m
Processing by WelcomeController#index as HTML
  Rendering layout layouts/application.html.erb
  Rendering welcome/index.html.erb within layouts/application
  Rendered welcome/index.html.erb within layouts/application (Duration: 2.0ms | Allocations: 399)
  Rendered layout layouts/application.html.erb (Duration: 27.0ms | Allocations: 4470)
Completed 200 OK in 39ms (Views: 32.7ms | ActiveRecord: 0.0ms | Allocations: 6154)


Started GET "/" for ::1 at 2023-05-28 17:39:09 +0900
Processing by WelcomeController#index as HTML
  Rendering layout layouts/application.html.erb
  Rendering welcome/index.html.erb within layouts/application
  Rendered welcome/index.html.erb within layouts/application (Duration: 0.0ms | Allocations: 7)
  Rendered layout layouts/application.html.erb (Duration: 11.0ms | Allocations: 1488)
Completed 200 OK in 12ms (Views: 11.7ms | ActiveRecord: 0.0ms | Allocations: 1743)


Started GET "/" for ::1 at 2023-05-28 17:39:51 +0900
Processing by WelcomeController#index as HTML
  Rendering layout layouts/application.html.erb
  Rendering welcome/index.html.erb within layouts/application
  Rendered welcome/index.html.erb within layouts/application (Duration: 0.0ms | Allocations: 7)
  Rendered layout layouts/application.html.erb (Duration: 4.7ms | Allocations: 1481)
Completed 200 OK in 6ms (Views: 5.3ms | ActiveRecord: 0.0ms | Allocations: 1701)


Started GET "/" for ::1 at 2023-05-28 17:39:51 +0900
Processing by WelcomeController#index as HTML
  Rendering layout layouts/application.html.erb
  Rendering welcome/index.html.erb within layouts/application
  Rendered welcome/index.html.erb within layouts/application (Duration: 0.0ms | Allocations: 7)
  Rendered layout layouts/application.html.erb (Duration: 4.2ms | Allocations: 1469)
Completed 200 OK in 5ms (Views: 4.6ms | ActiveRecord: 0.0ms | Allocations: 1688)


  [1m[36mActiveRecord::SchemaMigration Pluck (0.6ms)[0m  [1m[34mSELECT "schema_migrations"."version" FROM "schema_migrations" ORDER BY "schema_migrations"."version" ASC[0m
  [1m[36mAccount Load (1.0ms)[0m  [1m[34mSELECT "accounts".* FROM "accounts"[0m
  [1m[36mTRANSACTION (0.1ms)[0m  [1m[35mBEGIN[0m
  [1m[36mAccount Create (10.7ms)[0m  [1m[32mINSERT INTO "accounts" ("first_name", "last_name", "email", "created_at", "updated_at") VALUES ($1, $2, $3, $4, $5) RETURNING "id"[0m  [["first_name", "Tanaka"], ["last_name", "Izumoshi"], ["email", "tanaka@izumo.com"], ["created_at", "2023-05-28 08:52:51.692522"], ["updated_at", "2023-05-28 08:52:51.692522"]]
  [1m[36mTRANSACTION (7.5ms)[0m  [1m[35mCOMMIT[0m
  [1m[36mAccount Count (2.6ms)[0m  [1m[34mSELECT COUNT(*) FROM "accounts"[0m
  [1m[36mLocation Load (2.0ms)[0m  [1m[34mSELECT "locations".* FROM "locations"[0m
  [1m[36mActiveRecord::SchemaMigration Pluck (0.5ms)[0m  [1m[34mSELECT "schema_migrations"."version" FROM "schema_migrations" ORDER BY "schema_migrations"."version" ASC[0m
  [1m[36mAccount Load (0.4ms)[0m  [1m[34mSELECT "accounts".* FROM "accounts"[0m
  [1m[36mTRANSACTION (0.1ms)[0m  [1m[35mBEGIN[0m
  [1m[36mAccount Destroy (1.5ms)[0m  [1m[31mDELETE FROM "accounts" WHERE "accounts"."id" = $1[0m  [["id", 1]]
  [1m[36mTRANSACTION (0.4ms)[0m  [1m[35mCOMMIT[0m
  [1m[36mTRANSACTION (0.1ms)[0m  [1m[35mBEGIN[0m
  [1m[36mAccount Create (0.4ms)[0m  [1m[32mINSERT INTO "accounts" ("first_name", "last_name", "email", "created_at", "updated_at") VALUES ($1, $2, $3, $4, $5) RETURNING "id"[0m  [["first_name", "Tanaka"], ["last_name", "Izumoshi"], ["email", "tanaka@izumo.com"], ["created_at", "2023-05-28 08:54:08.166433"], ["updated_at", "2023-05-28 08:54:08.166433"]]
  [1m[36mTRANSACTION (0.3ms)[0m  [1m[35mCOMMIT[0m
  [1m[36mAccount Count (0.3ms)[0m  [1m[34mSELECT COUNT(*) FROM "accounts"[0m
  [1m[36mLocation Load (0.6ms)[0m  [1m[34mSELECT "locations".* FROM "locations"[0m
  [1m[36mActiveRecord::SchemaMigration Pluck (0.5ms)[0m  [1m[34mSELECT "schema_migrations"."version" FROM "schema_migrations" ORDER BY "schema_migrations"."version" ASC[0m
  [1m[36mAccount Load (0.4ms)[0m  [1m[34mSELECT "accounts".* FROM "accounts"[0m
  [1m[36mTRANSACTION (0.1ms)[0m  [1m[35mBEGIN[0m
  [1m[36mAccount Destroy (0.3ms)[0m  [1m[31mDELETE FROM "accounts" WHERE "accounts"."id" = $1[0m  [["id", 2]]
  [1m[36mTRANSACTION (0.5ms)[0m  [1m[35mCOMMIT[0m
  [1m[36mTRANSACTION (0.1ms)[0m  [1m[35mBEGIN[0m
  [1m[36mAccount Create (0.4ms)[0m  [1m[32mINSERT INTO "accounts" ("first_name", "last_name", "email", "created_at", "updated_at") VALUES ($1, $2, $3, $4, $5) RETURNING "id"[0m  [["first_name", "Tanaka"], ["last_name", "Izumoshi"], ["email", "tanaka@izumo.com"], ["created_at", "2023-05-28 08:55:57.587177"], ["updated_at", "2023-05-28 08:55:57.587177"]]
  [1m[36mTRANSACTION (0.4ms)[0m  [1m[35mCOMMIT[0m
  [1m[36mAccount Count (0.3ms)[0m  [1m[34mSELECT COUNT(*) FROM "accounts"[0m
  [1m[36mProperty Load (1.7ms)[0m  [1m[34mSELECT "properties".* FROM "properties"[0m
  [1m[36mAccount Load (0.2ms)[0m  [1m[34mSELECT "accounts".* FROM "accounts" ORDER BY "accounts"."id" ASC LIMIT $1[0m  [["LIMIT", 1]]
  [1m[36mTRANSACTION (0.1ms)[0m  [1m[35mBEGIN[0m
  [1m[36mAccount Load (0.2ms)[0m  [1m[34mSELECT "accounts".* FROM "accounts" WHERE "accounts"."id" = $1 LIMIT $2[0m  [["id", 3], ["LIMIT", 1]]
  [1m[36mProperty Create (1.4ms)[0m  [1m[32mINSERT INTO "properties" ("account_id", "location_id", "title", "price", "rooms", "bathrooms", "photo", "avg_rating", "created_at", "updated_at") VALUES ($1, $2, $3, $4, $5, $6, $7, $8, $9, $10) RETURNING "id"[0m  [["account_id", 3], ["location_id", nil], ["title", "Izumo House"], ["price", 20000], ["rooms", 2], ["bathrooms", 1], ["photo", nil], ["avg_rating", 8], ["created_at", "2023-05-28 08:55:57.626732"], ["updated_at", "2023-05-28 08:55:57.626732"]]
  [1m[36mTRANSACTION (0.6ms)[0m  [1m[35mCOMMIT[0m
  [1m[36mProperty Count (0.3ms)[0m  [1m[34mSELECT COUNT(*) FROM "properties"[0m
  [1m[36mLocation Load (0.5ms)[0m  [1m[34mSELECT "locations".* FROM "locations"[0m
  [1m[36mProperty Load (0.3ms)[0m  [1m[34mSELECT "properties".* FROM "properties" ORDER BY "properties"."id" ASC LIMIT $1[0m  [["LIMIT", 1]]
  [1m[36mActiveRecord::SchemaMigration Pluck (0.6ms)[0m  [1m[34mSELECT "schema_migrations"."version" FROM "schema_migrations" ORDER BY "schema_migrations"."version" ASC[0m
  [1m[35m (0.2ms)[0m  [1m[34mSELECT pg_try_advisory_lock(2963435355795465600)[0m
  [1m[36mActiveRecord::SchemaMigration Pluck (0.5ms)[0m  [1m[34mSELECT "schema_migrations"."version" FROM "schema_migrations" ORDER BY "schema_migrations"."version" ASC[0m
  [1m[36mActiveRecord::InternalMetadata Load (1.3ms)[0m  [1m[34mSELECT "ar_internal_metadata".* FROM "ar_internal_metadata" WHERE "ar_internal_metadata"."key" = $1 LIMIT $2[0m  [["key", "environment"], ["LIMIT", 1]]
  [1m[35m (0.4ms)[0m  [1m[34mSELECT pg_advisory_unlock(2963435355795465600)[0m
  [1m[36mActiveRecord::SchemaMigration Pluck (0.6ms)[0m  [1m[34mSELECT "schema_migrations"."version" FROM "schema_migrations" ORDER BY "schema_migrations"."version" ASC[0m
  [1m[35m (0.2ms)[0m  [1m[34mSELECT pg_try_advisory_lock(2963435355795465600)[0m
  [1m[36mActiveRecord::SchemaMigration Pluck (0.6ms)[0m  [1m[34mSELECT "schema_migrations"."version" FROM "schema_migrations" ORDER BY "schema_migrations"."version" ASC[0m
Migrating to CreateLocations (20230528082720)
  [1m[36mTRANSACTION (0.2ms)[0m  [1m[35mBEGIN[0m
  [1m[35m (50.8ms)[0m  [1m[35mDROP INDEX  "index_locations_on_longitude"[0m
  [1m[35m (0.2ms)[0m  [1m[35mDROP INDEX  "index_locations_on_latitude"[0m
  [1m[35m (11.9ms)[0m  [1m[35mDROP TABLE "locations"[0m
  [1m[36mActiveRecord::SchemaMigration Delete All (0.4ms)[0m  [1m[31mDELETE FROM "schema_migrations" WHERE "schema_migrations"."version" = $1[0m  [["version", "20230528082720"]]
  [1m[36mTRANSACTION (8.7ms)[0m  [1m[35mCOMMIT[0m
  [1m[35m (0.3ms)[0m  [1m[34mSELECT pg_advisory_unlock(2963435355795465600)[0m
  [1m[36mActiveRecord::SchemaMigration Pluck (0.8ms)[0m  [1m[34mSELECT "schema_migrations"."version" FROM "schema_migrations" ORDER BY "schema_migrations"."version" ASC[0m
  [1m[35m (0.1ms)[0m  [1m[34mSELECT pg_try_advisory_lock(2963435355795465600)[0m
  [1m[36mActiveRecord::SchemaMigration Pluck (0.6ms)[0m  [1m[34mSELECT "schema_migrations"."version" FROM "schema_migrations" ORDER BY "schema_migrations"."version" ASC[0m
Migrating to CreateProperties (20230528075447)
  [1m[36mTRANSACTION (0.2ms)[0m  [1m[35mBEGIN[0m
  [1m[35m (2.2ms)[0m  [1m[35mDROP TABLE "properties"[0m
  [1m[36mActiveRecord::SchemaMigration Delete All (0.4ms)[0m  [1m[31mDELETE FROM "schema_migrations" WHERE "schema_migrations"."version" = $1[0m  [["version", "20230528075447"]]
  [1m[36mTRANSACTION (2.2ms)[0m  [1m[35mCOMMIT[0m
  [1m[35m (0.2ms)[0m  [1m[34mSELECT pg_advisory_unlock(2963435355795465600)[0m
  [1m[36mActiveRecord::SchemaMigration Pluck (0.5ms)[0m  [1m[34mSELECT "schema_migrations"."version" FROM "schema_migrations" ORDER BY "schema_migrations"."version" ASC[0m
  [1m[35m (0.1ms)[0m  [1m[34mSELECT pg_try_advisory_lock(2963435355795465600)[0m
  [1m[36mActiveRecord::SchemaMigration Pluck (0.6ms)[0m  [1m[34mSELECT "schema_migrations"."version" FROM "schema_migrations" ORDER BY "schema_migrations"."version" ASC[0m
Migrating to CreateAccounts (20230528075331)
  [1m[36mTRANSACTION (0.2ms)[0m  [1m[35mBEGIN[0m
  [1m[35m (2.0ms)[0m  [1m[35mDROP TABLE "accounts"[0m
  [1m[36mActiveRecord::SchemaMigration Delete All (0.4ms)[0m  [1m[31mDELETE FROM "schema_migrations" WHERE "schema_migrations"."version" = $1[0m  [["version", "20230528075331"]]
  [1m[36mTRANSACTION (2.2ms)[0m  [1m[35mCOMMIT[0m
  [1m[35m (0.2ms)[0m  [1m[34mSELECT pg_advisory_unlock(2963435355795465600)[0m
  [1m[36mActiveRecord::SchemaMigration Pluck (0.5ms)[0m  [1m[34mSELECT "schema_migrations"."version" FROM "schema_migrations" ORDER BY "schema_migrations"."version" ASC[0m
  [1m[36mActiveRecord::SchemaMigration Pluck (0.5ms)[0m  [1m[34mSELECT "schema_migrations"."version" FROM "schema_migrations" ORDER BY "schema_migrations"."version" ASC[0m
  [1m[35m (0.1ms)[0m  [1m[34mSELECT pg_try_advisory_lock(2963435355795465600)[0m
  [1m[36mActiveRecord::SchemaMigration Pluck (0.5ms)[0m  [1m[34mSELECT "schema_migrations"."version" FROM "schema_migrations" ORDER BY "schema_migrations"."version" ASC[0m
Migrating to CreateAccounts (20230528075331)
  [1m[36mTRANSACTION (0.2ms)[0m  [1m[35mBEGIN[0m
  [1m[35m (61.7ms)[0m  [1m[35mCREATE TABLE "accounts" ("id" bigserial primary key, "first_name" character varying, "last_name" character varying, "email" character varying, "created_at" timestamp(6) NOT NULL, "updated_at" timestamp(6) NOT NULL)[0m
  [1m[36mActiveRecord::SchemaMigration Create (0.4ms)[0m  [1m[32mINSERT INTO "schema_migrations" ("version") VALUES ($1) RETURNING "version"[0m  [["version", "20230528075331"]]
  [1m[36mTRANSACTION (0.6ms)[0m  [1m[35mCOMMIT[0m
Migrating to CreateProperties (20230528075447)
  [1m[36mTRANSACTION (0.3ms)[0m  [1m[35mBEGIN[0m
  [1m[35m (8.9ms)[0m  [1m[35mCREATE TABLE "properties" ("id" bigserial primary key, "account_id" bigint, "title" character varying, "price" integer, "rooms" integer, "bathrooms" integer, "photo" character varying, "avg_rating" integer, "created_at" timestamp(6) NOT NULL, "updated_at" timestamp(6) NOT NULL)[0m
  [1m[35m (2.1ms)[0m  [1m[35mCREATE INDEX "index_properties_on_account_id" ON "properties" ("account_id")[0m
  [1m[36mActiveRecord::SchemaMigration Create (0.4ms)[0m  [1m[32mINSERT INTO "schema_migrations" ("version") VALUES ($1) RETURNING "version"[0m  [["version", "20230528075447"]]
  [1m[36mTRANSACTION (0.7ms)[0m  [1m[35mCOMMIT[0m
Migrating to CreateLocations (20230528082720)
  [1m[36mTRANSACTION (0.3ms)[0m  [1m[35mBEGIN[0m
  [1m[35m (4.1ms)[0m  [1m[35mCREATE TABLE "locations" ("id" bigserial primary key, "property_id" bigint, "name" character varying, "address" character varying, "latitude" float, "longitude" float, "created_at" timestamp(6) NOT NULL, "updated_at" timestamp(6) NOT NULL)[0m
  [1m[35m (1.0ms)[0m  [1m[35mCREATE INDEX "index_locations_on_property_id" ON "locations" ("property_id")[0m
  [1m[35m (1.9ms)[0m  [1m[35mCREATE INDEX "index_locations_on_latitude" ON "locations" ("latitude")[0m
  [1m[35m (1.0ms)[0m  [1m[35mCREATE INDEX "index_locations_on_longitude" ON "locations" ("longitude")[0m
  [1m[36mActiveRecord::SchemaMigration Create (0.2ms)[0m  [1m[32mINSERT INTO "schema_migrations" ("version") VALUES ($1) RETURNING "version"[0m  [["version", "20230528082720"]]
  [1m[36mTRANSACTION (6.5ms)[0m  [1m[35mCOMMIT[0m
  [1m[36mActiveRecord::InternalMetadata Load (0.3ms)[0m  [1m[34mSELECT "ar_internal_metadata".* FROM "ar_internal_metadata" WHERE "ar_internal_metadata"."key" = $1 LIMIT $2[0m  [["key", "environment"], ["LIMIT", 1]]
  [1m[35m (0.3ms)[0m  [1m[34mSELECT pg_advisory_unlock(2963435355795465600)[0m
  [1m[36mActiveRecord::SchemaMigration Pluck (0.5ms)[0m  [1m[34mSELECT "schema_migrations"."version" FROM "schema_migrations" ORDER BY "schema_migrations"."version" ASC[0m
  [1m[36mActiveRecord::SchemaMigration Pluck (1.8ms)[0m  [1m[34mSELECT "schema_migrations"."version" FROM "schema_migrations" ORDER BY "schema_migrations"."version" ASC[0m
Started GET "/" for ::1 at 2023-05-28 18:04:18 +0900
  [1m[36mActiveRecord::SchemaMigration Pluck (0.5ms)[0m  [1m[34mSELECT "schema_migrations"."version" FROM "schema_migrations" ORDER BY "schema_migrations"."version" ASC[0m
Processing by WelcomeController#index as HTML
  Rendering layout layouts/application.html.erb
  Rendering welcome/index.html.erb within layouts/application
  Rendered welcome/index.html.erb within layouts/application (Duration: 3.4ms | Allocations: 399)
  Rendered layout layouts/application.html.erb (Duration: 31.7ms | Allocations: 4467)
Completed 200 OK in 63ms (Views: 61.1ms | ActiveRecord: 0.0ms | Allocations: 6151)


Started GET "/" for ::1 at 2023-05-28 18:12:08 +0900
Processing by WelcomeController#index as HTML
  Rendering layout layouts/application.html.erb
  Rendering welcome/index.html.erb within layouts/application
  Rendered welcome/index.html.erb within layouts/application (Duration: 0.5ms | Allocations: 7)
  Rendered layout layouts/application.html.erb (Duration: 78.6ms | Allocations: 1509)
Completed 200 OK in 90ms (Views: 85.2ms | Allocations: 1760)


Started GET "/" for ::1 at 2023-05-28 18:13:28 +0900
  [1m[36mActiveRecord::SchemaMigration Pluck (0.6ms)[0m  [1m[34mSELECT "schema_migrations"."version" FROM "schema_migrations" ORDER BY "schema_migrations"."version" ASC[0m
Processing by WelcomeController#index as HTML
  Rendering layout layouts/application.html.erb
  Rendering welcome/index.html.erb within layouts/application
  Rendered welcome/index.html.erb within layouts/application (Duration: 1.8ms | Allocations: 399)
  Rendered layout layouts/application.html.erb (Duration: 20.1ms | Allocations: 4475)
Completed 200 OK in 26ms (Views: 25.2ms | ActiveRecord: 0.0ms | Allocations: 6159)


Started GET "/" for ::1 at 2023-05-28 18:16:09 +0900
Processing by WelcomeController#index as HTML
  Rendering layout layouts/application.html.erb
  Rendering welcome/index.html.erb within layouts/application
  Rendered welcome/index.html.erb within layouts/application (Duration: 5.0ms | Allocations: 126)
  Rendered layout layouts/application.html.erb (Duration: 21.9ms | Allocations: 2094)
Completed 200 OK in 32ms (Views: 30.1ms | ActiveRecord: 0.0ms | Allocations: 2734)


Started GET "/" for ::1 at 2023-05-28 18:17:19 +0900
Processing by WelcomeController#index as HTML
  Rendering layout layouts/application.html.erb
  Rendering welcome/index.html.erb within layouts/application
  Rendered welcome/index.html.erb within layouts/application (Duration: 0.5ms | Allocations: 129)
  Rendered layout layouts/application.html.erb (Duration: 10.5ms | Allocations: 2107)
Completed 200 OK in 13ms (Views: 12.8ms | ActiveRecord: 0.0ms | Allocations: 2751)


Started GET "/" for ::1 at 2023-05-28 18:17:47 +0900
Processing by WelcomeController#index as HTML
  Rendering layout layouts/application.html.erb
  Rendering welcome/index.html.erb within layouts/application
  Rendered welcome/index.html.erb within layouts/application (Duration: 0.6ms | Allocations: 7)
  Rendered layout layouts/application.html.erb (Duration: 8.0ms | Allocations: 1469)
Completed 200 OK in 10ms (Views: 9.1ms | ActiveRecord: 0.0ms | Allocations: 1707)


Started GET "/" for ::1 at 2023-05-28 18:18:09 +0900
Processing by WelcomeController#index as HTML
  Rendering layout layouts/application.html.erb
  Rendering welcome/index.html.erb within layouts/application
  Rendered welcome/index.html.erb within layouts/application (Duration: 24.7ms | Allocations: 4070)
  Rendered layout layouts/application.html.erb (Duration: 25.3ms | Allocations: 4167)
Completed 500 Internal Server Error in 29ms (ActiveRecord: 0.0ms | Allocations: 4778)


  
ActionView::Template::Error (undefined method `javascript_pack_tag' for #<ActionView::Base:0x00000000006450>

'.freeze;@output_buffer.append=( javascript_pack_tag 'hello');
                                 ^^^^^^^^^^^^^^^^^^^
Did you mean?  javascript_path
               javascript_tag):
    1: <h1>Hello, Rails!</h1>
    2: <button id="greet-user-button">Hello!</button>
    3: <%= javascript_pack_tag 'hello'%>
  
app/views/welcome/index.html.erb:3
Started GET "/" for ::1 at 2023-05-28 18:19:15 +0900
Processing by WelcomeController#index as HTML
  Rendering layout layouts/application.html.erb
  Rendering welcome/index.html.erb within layouts/application
  Rendered welcome/index.html.erb within layouts/application (Duration: 33.1ms | Allocations: 3111)
  Rendered layout layouts/application.html.erb (Duration: 33.6ms | Allocations: 3190)
Completed 500 Internal Server Error in 42ms (ActiveRecord: 0.0ms | Allocations: 3413)


  
ActionView::Template::Error (undefined method `javascript_pack_tag' for #<ActionView::Base:0x000000000065b8>

'.freeze;@output_buffer.append=( javascript_pack_tag 'hello');
                                 ^^^^^^^^^^^^^^^^^^^
Did you mean?  javascript_path
               javascript_tag):
    1: <h1>Hello, Rails!</h1>
    2: <button id="greet-user-button">Hello!</button>
    3: <%= javascript_pack_tag 'hello'%>
  
app/views/welcome/index.html.erb:3
Started GET "/" for ::1 at 2023-05-28 18:19:19 +0900
Processing by WelcomeController#index as HTML
  Rendering layout layouts/application.html.erb
  Rendering welcome/index.html.erb within layouts/application
  Rendered welcome/index.html.erb within layouts/application (Duration: 15.8ms | Allocations: 3085)
  Rendered layout layouts/application.html.erb (Duration: 17.1ms | Allocations: 3164)
Completed 500 Internal Server Error in 18ms (ActiveRecord: 0.0ms | Allocations: 3358)


  
ActionView::Template::Error (undefined method `javascript_pack_tag' for #<ActionView::Base:0x00000000006770>

'.freeze;@output_buffer.append=( javascript_pack_tag 'hello');
                                 ^^^^^^^^^^^^^^^^^^^
Did you mean?  javascript_path
               javascript_tag):
    1: <h1>Hello, Rails!</h1>
    2: <button id="greet-user-button">Hello!</button>
    3: <%= javascript_pack_tag 'hello'%>
  
app/views/welcome/index.html.erb:3
Started GET "/" for ::1 at 2023-05-28 18:20:01 +0900
Processing by WelcomeController#index as HTML
  Rendering layout layouts/application.html.erb
  Rendering welcome/index.html.erb within layouts/application
  Rendered welcome/index.html.erb within layouts/application (Duration: 12.6ms | Allocations: 3085)
  Rendered layout layouts/application.html.erb (Duration: 12.8ms | Allocations: 3164)
Completed 500 Internal Server Error in 14ms (Allocations: 3356)


  
ActionView::Template::Error (undefined method `javascript_pack_tag' for #<ActionView::Base:0x00000000006900>

'.freeze;@output_buffer.append=( javascript_pack_tag 'hello');
                                 ^^^^^^^^^^^^^^^^^^^
Did you mean?  javascript_path
               javascript_tag):
    1: <h1>Hello, Rails!</h1>
    2: <button id="greet-user-button">Hello!</button>
    3: <%= javascript_pack_tag 'hello'%>
  
app/views/welcome/index.html.erb:3
Started GET "/" for ::1 at 2023-05-28 18:26:08 +0900
  [1m[36mActiveRecord::SchemaMigration Pluck (0.7ms)[0m  [1m[34mSELECT "schema_migrations"."version" FROM "schema_migrations" ORDER BY "schema_migrations"."version" ASC[0m
Processing by WelcomeController#index as HTML
  Rendering layout layouts/application.html.erb
  Rendering welcome/index.html.erb within layouts/application
  Rendered welcome/index.html.erb within layouts/application (Duration: 14.8ms | Allocations: 4493)
  Rendered layout layouts/application.html.erb (Duration: 15.1ms | Allocations: 4603)
Completed 500 Internal Server Error in 21ms (ActiveRecord: 0.0ms | Allocations: 6261)


  
ActionView::Template::Error (undefined method `javascript_pack_tag' for #<ActionView::Base:0x00000000006720>

'.freeze;@output_buffer.append=( javascript_pack_tag 'hello');
                                 ^^^^^^^^^^^^^^^^^^^
Did you mean?  javascript_path
               javascript_tag):
    1: <h1>Hello, Rails!</h1>
    2: <button id="greet-user-button">Hello!</button>
    3: <%= javascript_pack_tag 'hello'%>
  
app/views/welcome/index.html.erb:3
Started GET "/" for ::1 at 2023-05-28 18:26:57 +0900
Processing by WelcomeController#index as HTML
  Rendering layout layouts/application.html.erb
  Rendering welcome/index.html.erb within layouts/application
  Rendered welcome/index.html.erb within layouts/application (Duration: 0.6ms | Allocations: 132)
  Rendered layout layouts/application.html.erb (Duration: 573.1ms | Allocations: 18806)
Completed 200 OK in 576ms (Views: 575.2ms | ActiveRecord: 0.0ms | Allocations: 19510)


Started GET "/" for ::1 at 2023-05-28 18:29:44 +0900
  [1m[36mActiveRecord::SchemaMigration Pluck (1.3ms)[0m  [1m[34mSELECT "schema_migrations"."version" FROM "schema_migrations" ORDER BY "schema_migrations"."version" ASC[0m
Processing by WelcomeController#index as HTML
  Rendering layout layouts/application.html.erb
  Rendering welcome/index.html.erb within layouts/application
  Rendered welcome/index.html.erb within layouts/application (Duration: 2.2ms | Allocations: 399)
Building with Vite ⚡️
vite v4.3.9 building for development...

transforming...

✓ 8 modules transformed.

rendering chunks...

computing gzip size...

../../public/vite-dev/manifest-assets.json              0.00 kB │ gzip:  0.02 kB

../../public/vite-dev/manifest.json                     0.15 kB │ gzip:  0.11 kB

../../public/vite-dev/assets/application-d2cc6c3c.js  134.74 kB │ gzip: 52.16 kB

✓ built in 1.85s

Build with Vite complete: /Users/juliaes/HelloJapan/old-houses/vuerails/public/vite-dev
  Rendered layout layouts/application.html.erb (Duration: 3279.5ms | Allocations: 12088)
Completed 200 OK in 3288ms (Views: 3286.5ms | ActiveRecord: 0.0ms | Allocations: 13815)


Started GET "/" for ::1 at 2023-05-28 18:46:51 +0900
Processing by WelcomeController#index as HTML
  Rendering layout layouts/application.html.erb
  Rendering welcome/index.html.erb within layouts/application
  Rendered welcome/index.html.erb within layouts/application (Duration: 0.2ms | Allocations: 12)
  Rendered layout layouts/application.html.erb (Duration: 31.0ms | Allocations: 1819)
Completed 200 OK in 47ms (Views: 34.3ms | Allocations: 2403)


Started GET "/" for ::1 at 2023-05-28 18:46:53 +0900
Processing by WelcomeController#index as HTML
  Rendering layout layouts/application.html.erb
  Rendering welcome/index.html.erb within layouts/application
  Rendered welcome/index.html.erb within layouts/application (Duration: 0.1ms | Allocations: 7)
  Rendered layout layouts/application.html.erb (Duration: 11.4ms | Allocations: 1501)
Completed 200 OK in 13ms (Views: 12.1ms | Allocations: 1745)


Started GET "/roues" for ::1 at 2023-05-28 18:46:56 +0900
  
ActionController::RoutingError (No route matches [GET] "/roues"):
  
Started GET "/routes" for ::1 at 2023-05-28 18:47:07 +0900
  
ActionController::RoutingError (No route matches [GET] "/routes"):
  
Started GET "/" for ::1 at 2023-05-28 18:47:10 +0900
Processing by WelcomeController#index as HTML
  Rendering layout layouts/application.html.erb
  Rendering welcome/index.html.erb within layouts/application
  Rendered welcome/index.html.erb within layouts/application (Duration: 0.1ms | Allocations: 7)
  Rendered layout layouts/application.html.erb (Duration: 12.9ms | Allocations: 1642)
Completed 200 OK in 15ms (Views: 14.7ms | Allocations: 1907)


Started GET "/locations" for ::1 at 2023-05-28 18:47:11 +0900
Processing by LocationsController#index as HTML
  Rendering layout layouts/application.html.erb
  Rendering locations/index.html.erb within layouts/application
  [1m[36mLocation Load (13.0ms)[0m  [1m[34mSELECT "locations".* FROM "locations"[0m
  ↳ app/views/locations/index.html.erb:6
  Rendered locations/index.html.erb within layouts/application (Duration: 91.5ms | Allocations: 4450)
  Rendered layout layouts/application.html.erb (Duration: 94.9ms | Allocations: 5912)
Completed 200 OK in 137ms (Views: 96.3ms | ActiveRecord: 44.2ms | Allocations: 8637)


Started GET "/locations/new" for ::1 at 2023-05-28 18:47:20 +0900
Processing by LocationsController#new as HTML
  Rendering layout layouts/application.html.erb
  Rendering locations/new.html.erb within layouts/application
  Rendered locations/_form.html.erb (Duration: 22.6ms | Allocations: 2711)
  Rendered locations/new.html.erb within layouts/application (Duration: 30.5ms | Allocations: 3041)
  Rendered layout layouts/application.html.erb (Duration: 33.5ms | Allocations: 4420)
Completed 200 OK in 97ms (Views: 34.3ms | ActiveRecord: 44.5ms | Allocations: 10288)


Started GET "/locations/new" for ::1 at 2023-05-28 18:47:31 +0900
Processing by LocationsController#new as HTML
  Rendering layout layouts/application.html.erb
  Rendering locations/new.html.erb within layouts/application
  Rendered locations/_form.html.erb (Duration: 9.2ms | Allocations: 1262)
  Rendered locations/new.html.erb within layouts/application (Duration: 9.7ms | Allocations: 1353)
  Rendered layout layouts/application.html.erb (Duration: 15.1ms | Allocations: 2601)
Completed 200 OK in 17ms (Views: 16.1ms | ActiveRecord: 0.0ms | Allocations: 2916)


Started GET "/locations/destroy" for ::1 at 2023-05-28 18:47:35 +0900
Processing by LocationsController#show as HTML
  Parameters: {"id"=>"destroy"}
  [1m[36mLocation Load (38.0ms)[0m  [1m[34mSELECT "locations".* FROM "locations" WHERE "locations"."id" = $1 LIMIT $2[0m  [["id", nil], ["LIMIT", 1]]
  ↳ app/controllers/locations_controller.rb:51:in `set_location'
Completed 404 Not Found in 53ms (ActiveRecord: 38.3ms | Allocations: 1742)


  
ActiveRecord::RecordNotFound (Couldn't find Location with 'id'=destroy):
  
app/controllers/locations_controller.rb:51:in `set_location'
Started GET "/locations/new" for ::1 at 2023-05-28 18:47:40 +0900
Processing by LocationsController#new as HTML
  Rendering layout layouts/application.html.erb
  Rendering locations/new.html.erb within layouts/application
  Rendered locations/_form.html.erb (Duration: 3.0ms | Allocations: 1313)
  Rendered locations/new.html.erb within layouts/application (Duration: 4.3ms | Allocations: 1402)
  Rendered layout layouts/application.html.erb (Duration: 9.1ms | Allocations: 2776)
Completed 200 OK in 11ms (Views: 10.1ms | ActiveRecord: 0.0ms | Allocations: 3068)


Started GET "/locations/new" for ::1 at 2023-05-28 18:47:43 +0900
Processing by LocationsController#new as HTML
  Rendering layout layouts/application.html.erb
  Rendering locations/new.html.erb within layouts/application
  Rendered locations/_form.html.erb (Duration: 3.6ms | Allocations: 1225)
  Rendered locations/new.html.erb within layouts/application (Duration: 4.0ms | Allocations: 1312)
  Rendered layout layouts/application.html.erb (Duration: 8.9ms | Allocations: 2559)
Completed 200 OK in 10ms (Views: 9.3ms | ActiveRecord: 0.0ms | Allocations: 2805)


Started GET "/locations/properties" for ::1 at 2023-05-28 18:47:48 +0900
Processing by LocationsController#show as HTML
  Parameters: {"id"=>"properties"}
  [1m[36mLocation Load (0.4ms)[0m  [1m[34mSELECT "locations".* FROM "locations" WHERE "locations"."id" = $1 LIMIT $2[0m  [["id", nil], ["LIMIT", 1]]
  ↳ app/controllers/locations_controller.rb:51:in `set_location'
Completed 404 Not Found in 4ms (ActiveRecord: 0.4ms | Allocations: 652)


  
ActiveRecord::RecordNotFound (Couldn't find Location with 'id'=properties):
  
app/controllers/locations_controller.rb:51:in `set_location'
Started GET "/locations/property" for ::1 at 2023-05-28 18:47:52 +0900
Processing by LocationsController#show as HTML
  Parameters: {"id"=>"property"}
  [1m[36mLocation Load (0.4ms)[0m  [1m[34mSELECT "locations".* FROM "locations" WHERE "locations"."id" = $1 LIMIT $2[0m  [["id", nil], ["LIMIT", 1]]
  ↳ app/controllers/locations_controller.rb:51:in `set_location'
Completed 404 Not Found in 4ms (ActiveRecord: 0.4ms | Allocations: 609)


  
ActiveRecord::RecordNotFound (Couldn't find Location with 'id'=property):
  
app/controllers/locations_controller.rb:51:in `set_location'
Started GET "/locations" for ::1 at 2023-05-28 18:47:58 +0900
Processing by LocationsController#index as HTML
  Rendering layout layouts/application.html.erb
  Rendering locations/index.html.erb within layouts/application
  [1m[36mLocation Load (0.3ms)[0m  [1m[34mSELECT "locations".* FROM "locations"[0m
  ↳ app/views/locations/index.html.erb:6
  Rendered locations/index.html.erb within layouts/application (Duration: 3.0ms | Allocations: 890)
  Rendered layout layouts/application.html.erb (Duration: 7.4ms | Allocations: 2144)
Completed 200 OK in 8ms (Views: 7.7ms | ActiveRecord: 0.3ms | Allocations: 2388)


Started GET "/" for ::1 at 2023-05-28 18:47:59 +0900
Processing by WelcomeController#index as HTML
  Rendering layout layouts/application.html.erb
  Rendering welcome/index.html.erb within layouts/application
  Rendered welcome/index.html.erb within layouts/application (Duration: 0.0ms | Allocations: 7)
  Rendered layout layouts/application.html.erb (Duration: 5.0ms | Allocations: 1507)
Completed 200 OK in 6ms (Views: 5.6ms | ActiveRecord: 0.0ms | Allocations: 1741)


Started GET "/properties" for ::1 at 2023-05-28 18:48:02 +0900
Processing by PropertiesController#index as HTML
  Rendering layout layouts/application.html.erb
  Rendering properties/index.html.erb within layouts/application
  [1m[36mProperty Load (2.0ms)[0m  [1m[34mSELECT "properties".* FROM "properties"[0m
  ↳ app/views/properties/index.html.erb:6
  Rendered properties/index.html.erb within layouts/application (Duration: 5.5ms | Allocations: 1413)
  Rendered layout layouts/application.html.erb (Duration: 10.8ms | Allocations: 2875)
Completed 200 OK in 28ms (Views: 10.3ms | ActiveRecord: 2.0ms | Allocations: 5164)


Started GET "/properties/new" for ::1 at 2023-05-28 18:48:13 +0900
Processing by PropertiesController#new as HTML
  Rendering layout layouts/application.html.erb
  Rendering properties/new.html.erb within layouts/application
  Rendered properties/_form.html.erb (Duration: 20.3ms | Allocations: 3083)
  Rendered properties/new.html.erb within layouts/application (Duration: 25.5ms | Allocations: 3386)
  Rendered layout layouts/application.html.erb (Duration: 35.2ms | Allocations: 4763)
Completed 200 OK in 58ms (Views: 36.1ms | ActiveRecord: 7.7ms | Allocations: 10254)


Started POST "/properties" for ::1 at 2023-05-28 18:48:30 +0900
Processing by PropertiesController#create as HTML
  Parameters: {"authenticity_token"=>"[FILTERED]", "property"=>{"title"=>"New property", "price"=>"20000.00", "roomms"=>"2", "bathrooms"=>"1", "photo"=>"", "avg_rating"=>""}, "commit"=>"Create Property"}
Completed 500 Internal Server Error in 12ms (ActiveRecord: 0.0ms | Allocations: 1224)


  
ActiveModel::UnknownAttributeError (unknown attribute 'roomms' for Property.

          raise UnknownAttributeError.new(self, k.to_s)
          ^^^^^):
  
app/controllers/properties_controller.rb:24:in `create'
Started GET "/properties/new" for ::1 at 2023-05-28 18:48:33 +0900
Processing by PropertiesController#new as HTML
  Rendering layout layouts/application.html.erb
  Rendering properties/new.html.erb within layouts/application
  Rendered properties/_form.html.erb (Duration: 3.8ms | Allocations: 1970)
  Rendered properties/new.html.erb within layouts/application (Duration: 4.1ms | Allocations: 2059)
  Rendered layout layouts/application.html.erb (Duration: 8.5ms | Allocations: 3429)
Completed 200 OK in 10ms (Views: 9.1ms | ActiveRecord: 0.0ms | Allocations: 3708)


Started POST "/properties" for ::1 at 2023-05-28 18:48:51 +0900
Processing by PropertiesController#create as HTML
  Parameters: {"authenticity_token"=>"[FILTERED]", "property"=>{"title"=>"New property", "price"=>"3434", "roomms"=>"1", "bathrooms"=>"1", "photo"=>"", "avg_rating"=>"7"}, "commit"=>"Create Property"}
Completed 500 Internal Server Error in 1ms (ActiveRecord: 0.0ms | Allocations: 916)


  
ActiveModel::UnknownAttributeError (unknown attribute 'roomms' for Property.

          raise UnknownAttributeError.new(self, k.to_s)
          ^^^^^):
  
app/controllers/properties_controller.rb:24:in `create'
Started GET "/properties" for ::1 at 2023-05-28 18:49:09 +0900
Processing by PropertiesController#index as HTML
  Rendering layout layouts/application.html.erb
  Rendering properties/index.html.erb within layouts/application
  [1m[36mProperty Load (0.3ms)[0m  [1m[34mSELECT "properties".* FROM "properties"[0m
  ↳ app/views/properties/index.html.erb:6
  Rendered properties/index.html.erb within layouts/application (Duration: 2.7ms | Allocations: 926)
  Rendered layout layouts/application.html.erb (Duration: 11.9ms | Allocations: 2180)
Completed 200 OK in 14ms (Views: 12.3ms | ActiveRecord: 0.3ms | Allocations: 2424)


Started GET "/" for ::1 at 2023-05-28 18:49:11 +0900
Processing by WelcomeController#index as HTML
  Rendering layout layouts/application.html.erb
  Rendering welcome/index.html.erb within layouts/application
  Rendered welcome/index.html.erb within layouts/application (Duration: 0.0ms | Allocations: 7)
  Rendered layout layouts/application.html.erb (Duration: 5.6ms | Allocations: 1498)
Completed 200 OK in 6ms (Views: 6.1ms | ActiveRecord: 0.0ms | Allocations: 1729)


Started GET "/account" for ::1 at 2023-05-28 18:49:13 +0900
  
ActionController::RoutingError (No route matches [GET] "/account"):
  
Started GET "/accounts" for ::1 at 2023-05-28 18:49:16 +0900
Processing by AccountsController#index as HTML
  Rendering layout layouts/application.html.erb
  Rendering accounts/index.html.erb within layouts/application
  [1m[36mAccount Load (12.5ms)[0m  [1m[34mSELECT "accounts".* FROM "accounts"[0m
  ↳ app/views/accounts/index.html.erb:6
  Rendered accounts/index.html.erb within layouts/application (Duration: 15.9ms | Allocations: 1358)
  Rendered layout layouts/application.html.erb (Duration: 19.1ms | Allocations: 2822)
Completed 200 OK in 29ms (Views: 8.2ms | ActiveRecord: 12.5ms | Allocations: 4411)


Started GET "/accounts/new" for ::1 at 2023-05-28 18:49:18 +0900
Processing by AccountsController#new as HTML
  Rendering layout layouts/application.html.erb
  Rendering accounts/new.html.erb within layouts/application
  Rendered accounts/_form.html.erb (Duration: 3.4ms | Allocations: 1857)
  Rendered accounts/new.html.erb within layouts/application (Duration: 8.8ms | Allocations: 2142)
  Rendered layout layouts/application.html.erb (Duration: 11.7ms | Allocations: 3389)
Completed 200 OK in 30ms (Views: 12.2ms | ActiveRecord: 9.1ms | Allocations: 6841)


Started POST "/accounts" for ::1 at 2023-05-28 18:49:33 +0900
Processing by AccountsController#create as HTML
  Parameters: {"authenticity_token"=>"[FILTERED]", "account"=>{"first_name"=>"New", "last_name"=>"Account", "email"=>"nnew@gms.com"}, "commit"=>"Create Account"}
  [1m[36mTRANSACTION (5.7ms)[0m  [1m[35mBEGIN[0m
  ↳ app/controllers/accounts_controller.rb:26:in `create'
  [1m[36mAccount Create (58.4ms)[0m  [1m[32mINSERT INTO "accounts" ("first_name", "last_name", "email", "created_at", "updated_at") VALUES ($1, $2, $3, $4, $5) RETURNING "id"[0m  [["first_name", "New"], ["last_name", "Account"], ["email", "nnew@gms.com"], ["created_at", "2023-05-28 09:49:33.033522"], ["updated_at", "2023-05-28 09:49:33.033522"]]
  ↳ app/controllers/accounts_controller.rb:26:in `create'
  [1m[36mTRANSACTION (13.8ms)[0m  [1m[35mCOMMIT[0m
  ↳ app/controllers/accounts_controller.rb:26:in `create'
Redirected to http://localhost:5100/accounts/1
Completed 302 Found in 117ms (ActiveRecord: 78.0ms | Allocations: 3127)


Started GET "/accounts/1" for ::1 at 2023-05-28 18:49:33 +0900
Processing by AccountsController#show as HTML
  Parameters: {"id"=>"1"}
  [1m[36mAccount Load (0.2ms)[0m  [1m[34mSELECT "accounts".* FROM "accounts" WHERE "accounts"."id" = $1 LIMIT $2[0m  [["id", 1], ["LIMIT", 1]]
  ↳ app/controllers/accounts_controller.rb:51:in `set_account'
  Rendering layout layouts/application.html.erb
  Rendering accounts/show.html.erb within layouts/application
  Rendered accounts/_account.html.erb (Duration: 1.2ms | Allocations: 251)
  Rendered accounts/show.html.erb within layouts/application (Duration: 20.5ms | Allocations: 1455)
  Rendered layout layouts/application.html.erb (Duration: 24.5ms | Allocations: 2824)
Completed 200 OK in 28ms (Views: 24.9ms | ActiveRecord: 0.2ms | Allocations: 3841)


Started GET "/accounts/1" for ::1 at 2023-05-28 18:50:08 +0900
Processing by AccountsController#show as HTML
  Parameters: {"id"=>"1"}
  [1m[36mAccount Load (0.2ms)[0m  [1m[34mSELECT "accounts".* FROM "accounts" WHERE "accounts"."id" = $1 LIMIT $2[0m  [["id", 1], ["LIMIT", 1]]
  ↳ app/controllers/accounts_controller.rb:52:in `set_account'
  Rendering layout layouts/application.html.erb
  Rendering accounts/show.html.erb within layouts/application
  Rendered accounts/_account.html.erb (Duration: 0.1ms | Allocations: 46)
  Rendered accounts/show.html.erb within layouts/application (Duration: 1.3ms | Allocations: 936)
  Rendered layout layouts/application.html.erb (Duration: 5.0ms | Allocations: 2373)
Completed 200 OK in 17ms (Views: 5.8ms | ActiveRecord: 3.6ms | Allocations: 6640)


Started GET "/accounts/1" for ::1 at 2023-05-28 18:50:13 +0900
Processing by AccountsController#show as HTML
  Parameters: {"id"=>"1"}
  [1m[36mAccount Load (0.3ms)[0m  [1m[34mSELECT "accounts".* FROM "accounts" WHERE "accounts"."id" = $1 LIMIT $2[0m  [["id", 1], ["LIMIT", 1]]
  ↳ app/controllers/accounts_controller.rb:52:in `set_account'
  Rendering layout layouts/application.html.erb
  Rendering accounts/show.html.erb within layouts/application
  Rendered accounts/_account.html.erb (Duration: 0.1ms | Allocations: 21)
  Rendered accounts/show.html.erb within layouts/application (Duration: 0.9ms | Allocations: 652)
  Rendered layout layouts/application.html.erb (Duration: 5.5ms | Allocations: 1891)
Completed 200 OK in 9ms (Views: 6.5ms | ActiveRecord: 0.3ms | Allocations: 2692)


Started GET "/accounts" for ::1 at 2023-05-28 18:50:13 +0900
Processing by AccountsController#index as HTML
Completed 500 Internal Server Error in 7ms (ActiveRecord: 0.0ms | Allocations: 2651)


  
NoMethodError (undefined method `json' for #<AccountsController:0x0000000000b6a8>

    render json {@accounts}
           ^^^^
Did you mean?  JSON):
  
app/controllers/accounts_controller.rb:7:in `index'
Started GET "/accounts" for ::1 at 2023-05-28 18:50:45 +0900
Processing by AccountsController#index as HTML
  [1m[36mAccount Load (0.2ms)[0m  [1m[34mSELECT "accounts".* FROM "accounts"[0m
  ↳ app/controllers/accounts_controller.rb:7:in `index'
Completed 200 OK in 60ms (Views: 25.3ms | ActiveRecord: 2.8ms | Allocations: 4050)


Started GET "/accounts/1" for ::1 at 2023-05-28 18:50:51 +0900
Processing by AccountsController#show as HTML
  Parameters: {"id"=>"1"}
  [1m[36mAccount Load (0.3ms)[0m  [1m[34mSELECT "accounts".* FROM "accounts" WHERE "accounts"."id" = $1 LIMIT $2[0m  [["id", 1], ["LIMIT", 1]]
  ↳ app/controllers/accounts_controller.rb:52:in `set_account'
  Rendering layout layouts/application.html.erb
  Rendering accounts/show.html.erb within layouts/application
  Rendered accounts/_account.html.erb (Duration: 0.1ms | Allocations: 41)
  Rendered accounts/show.html.erb within layouts/application (Duration: 2.8ms | Allocations: 937)
  Rendered layout layouts/application.html.erb (Duration: 20.9ms | Allocations: 2374)
Completed 200 OK in 26ms (Views: 22.5ms | ActiveRecord: 0.3ms | Allocations: 3595)


Started GET "/accounts/new" for ::1 at 2023-05-28 18:50:51 +0900
Processing by AccountsController#new as HTML
  Rendering layout layouts/application.html.erb
  Rendering accounts/new.html.erb within layouts/application
  Rendered accounts/_form.html.erb (Duration: 4.4ms | Allocations: 1353)
  Rendered accounts/new.html.erb within layouts/application (Duration: 4.9ms | Allocations: 1443)
  Rendered layout layouts/application.html.erb (Duration: 8.6ms | Allocations: 2677)
Completed 200 OK in 10ms (Views: 9.3ms | ActiveRecord: 0.0ms | Allocations: 2956)


Started GET "/accounts/new" for ::1 at 2023-05-28 18:52:30 +0900
Processing by AccountsController#new as HTML
  Rendering layout layouts/application.html.erb
  Rendering accounts/new.html.erb within layouts/application
  Rendered accounts/_form.html.erb (Duration: 2.6ms | Allocations: 1505)
  Rendered accounts/new.html.erb within layouts/application (Duration: 2.9ms | Allocations: 1618)
  Rendered layout layouts/application.html.erb (Duration: 8.6ms | Allocations: 3062)
Completed 200 OK in 20ms (Views: 9.7ms | ActiveRecord: 2.9ms | Allocations: 6518)


Started GET "/accounts/new" for ::1 at 2023-05-28 18:52:33 +0900
Processing by AccountsController#new as HTML
  Rendering layout layouts/application.html.erb
  Rendering accounts/new.html.erb within layouts/application
  Rendered accounts/_form.html.erb (Duration: 3.4ms | Allocations: 1262)
  Rendered accounts/new.html.erb within layouts/application (Duration: 3.9ms | Allocations: 1349)
  Rendered layout layouts/application.html.erb (Duration: 8.6ms | Allocations: 2596)
Completed 200 OK in 10ms (Views: 9.4ms | ActiveRecord: 0.0ms | Allocations: 2866)


Started GET "/accounts/1" for ::1 at 2023-05-28 18:52:33 +0900
Processing by AccountsController#show as HTML
  Parameters: {"id"=>"1"}
  [1m[36mAccount Load (0.3ms)[0m  [1m[34mSELECT "accounts".* FROM "accounts" WHERE "accounts"."id" = $1 LIMIT $2[0m  [["id", 1], ["LIMIT", 1]]
  ↳ app/controllers/accounts_controller.rb:52:in `set_account'
  Rendering layout layouts/application.html.erb
  Rendering accounts/show.html.erb within layouts/application
  Rendered accounts/_account.html.erb (Duration: 0.2ms | Allocations: 36)
  Rendered accounts/show.html.erb within layouts/application (Duration: 2.4ms | Allocations: 757)
  Rendered layout layouts/application.html.erb (Duration: 5.6ms | Allocations: 1982)
Completed 200 OK in 9ms (Views: 6.2ms | ActiveRecord: 0.3ms | Allocations: 3050)


Started GET "/accounts/1/update" for ::1 at 2023-05-28 18:52:39 +0900
  
ActionController::RoutingError (No route matches [GET] "/accounts/1/update"):
  
Started GET "/accounts/1/eddit" for ::1 at 2023-05-28 18:52:52 +0900
  
ActionController::RoutingError (No route matches [GET] "/accounts/1/eddit"):
  
Started GET "/accounts/1/edit" for ::1 at 2023-05-28 18:52:56 +0900
Processing by AccountsController#edit as HTML
  Parameters: {"id"=>"1"}
  [1m[36mAccount Load (0.3ms)[0m  [1m[34mSELECT "accounts".* FROM "accounts" WHERE "accounts"."id" = $1 LIMIT $2[0m  [["id", 1], ["LIMIT", 1]]
  ↳ app/controllers/accounts_controller.rb:52:in `set_account'
  Rendering layout layouts/application.html.erb
  Rendering accounts/edit.html.erb within layouts/application
  Rendered accounts/_form.html.erb (Duration: 4.3ms | Allocations: 1355)
  Rendered accounts/edit.html.erb within layouts/application (Duration: 6.6ms | Allocations: 1630)
  Rendered layout layouts/application.html.erb (Duration: 19.5ms | Allocations: 2876)
Completed 200 OK in 24ms (Views: 20.3ms | ActiveRecord: 0.3ms | Allocations: 3656)


Started PATCH "/accounts/1" for ::1 at 2023-05-28 18:53:01 +0900
Processing by AccountsController#update as HTML
  Parameters: {"authenticity_token"=>"[FILTERED]", "account"=>{"first_name"=>"New", "last_name"=>"Account", "email"=>"new@gms.com"}, "commit"=>"Update Account", "id"=>"1"}
  [1m[36mAccount Load (0.3ms)[0m  [1m[34mSELECT "accounts".* FROM "accounts" WHERE "accounts"."id" = $1 LIMIT $2[0m  [["id", 1], ["LIMIT", 1]]
  ↳ app/controllers/accounts_controller.rb:52:in `set_account'
  [1m[36mTRANSACTION (0.2ms)[0m  [1m[35mBEGIN[0m
  ↳ app/controllers/accounts_controller.rb:36:in `update'
  [1m[36mAccount Update (29.0ms)[0m  [1m[33mUPDATE "accounts" SET "email" = $1, "updated_at" = $2 WHERE "accounts"."id" = $3[0m  [["email", "new@gms.com"], ["updated_at", "2023-05-28 09:53:01.906128"], ["id", 1]]
  ↳ app/controllers/accounts_controller.rb:36:in `update'
  [1m[36mTRANSACTION (6.8ms)[0m  [1m[35mCOMMIT[0m
  ↳ app/controllers/accounts_controller.rb:36:in `update'
Completed 200 OK in 49ms (Views: 0.3ms | ActiveRecord: 36.3ms | Allocations: 3236)


  [1m[36mActiveRecord::SchemaMigration Pluck (1.3ms)[0m  [1m[34mSELECT "schema_migrations"."version" FROM "schema_migrations" ORDER BY "schema_migrations"."version" ASC[0m
  [1m[35m (0.2ms)[0m  [1m[34mSELECT pg_try_advisory_lock(2963435355795465600)[0m
  [1m[36mActiveRecord::SchemaMigration Pluck (0.7ms)[0m  [1m[34mSELECT "schema_migrations"."version" FROM "schema_migrations" ORDER BY "schema_migrations"."version" ASC[0m
Migrating to CreateAccounts (20230528075331)
  [1m[36mTRANSACTION (0.2ms)[0m  [1m[35mBEGIN[0m
  [1m[35m (36.4ms)[0m  [1m[35mDROP TABLE "accounts"[0m
  [1m[36mActiveRecord::SchemaMigration Delete All (1.2ms)[0m  [1m[31mDELETE FROM "schema_migrations" WHERE "schema_migrations"."version" = $1[0m  [["version", "20230528075331"]]
  [1m[36mTRANSACTION (18.4ms)[0m  [1m[35mCOMMIT[0m
  [1m[35m (0.6ms)[0m  [1m[34mSELECT pg_advisory_unlock(2963435355795465600)[0m
  [1m[36mActiveRecord::SchemaMigration Pluck (0.6ms)[0m  [1m[34mSELECT "schema_migrations"."version" FROM "schema_migrations" ORDER BY "schema_migrations"."version" ASC[0m
  [1m[35m (0.1ms)[0m  [1m[34mSELECT pg_try_advisory_lock(2963435355795465600)[0m
  [1m[36mActiveRecord::SchemaMigration Pluck (0.5ms)[0m  [1m[34mSELECT "schema_migrations"."version" FROM "schema_migrations" ORDER BY "schema_migrations"."version" ASC[0m
Migrating to CreateProperties (20230528075447)
  [1m[36mTRANSACTION (0.1ms)[0m  [1m[35mBEGIN[0m
  [1m[35m (1.7ms)[0m  [1m[35mDROP TABLE "properties"[0m
  [1m[36mActiveRecord::SchemaMigration Delete All (0.4ms)[0m  [1m[31mDELETE FROM "schema_migrations" WHERE "schema_migrations"."version" = $1[0m  [["version", "20230528075447"]]
  [1m[36mTRANSACTION (1.8ms)[0m  [1m[35mCOMMIT[0m
  [1m[35m (0.2ms)[0m  [1m[34mSELECT pg_advisory_unlock(2963435355795465600)[0m
  [1m[36mActiveRecord::SchemaMigration Pluck (0.6ms)[0m  [1m[34mSELECT "schema_migrations"."version" FROM "schema_migrations" ORDER BY "schema_migrations"."version" ASC[0m
  [1m[35m (0.2ms)[0m  [1m[34mSELECT pg_try_advisory_lock(2963435355795465600)[0m
  [1m[36mActiveRecord::SchemaMigration Pluck (0.4ms)[0m  [1m[34mSELECT "schema_migrations"."version" FROM "schema_migrations" ORDER BY "schema_migrations"."version" ASC[0m
Migrating to CreateLocations (20230528082720)
  [1m[36mTRANSACTION (0.2ms)[0m  [1m[35mBEGIN[0m
  [1m[35m (1.5ms)[0m  [1m[35mDROP INDEX  "index_locations_on_longitude"[0m
  [1m[35m (1.0ms)[0m  [1m[35mDROP INDEX  "index_locations_on_latitude"[0m
  [1m[35m (1.7ms)[0m  [1m[35mDROP TABLE "locations"[0m
  [1m[36mActiveRecord::SchemaMigration Delete All (0.4ms)[0m  [1m[31mDELETE FROM "schema_migrations" WHERE "schema_migrations"."version" = $1[0m  [["version", "20230528082720"]]
  [1m[36mTRANSACTION (2.2ms)[0m  [1m[35mCOMMIT[0m
  [1m[35m (0.2ms)[0m  [1m[34mSELECT pg_advisory_unlock(2963435355795465600)[0m
  [1m[36mActiveRecord::SchemaMigration Pluck (0.5ms)[0m  [1m[34mSELECT "schema_migrations"."version" FROM "schema_migrations" ORDER BY "schema_migrations"."version" ASC[0m
  [1m[35m (0.2ms)[0m  [1m[34mSELECT pg_try_advisory_lock(2963435355795465600)[0m
  [1m[36mActiveRecord::SchemaMigration Pluck (0.5ms)[0m  [1m[34mSELECT "schema_migrations"."version" FROM "schema_migrations" ORDER BY "schema_migrations"."version" ASC[0m
Migrating to CreateAccounts (20230528075331)
  [1m[36mTRANSACTION (0.2ms)[0m  [1m[35mBEGIN[0m
  [1m[35m (63.4ms)[0m  [1m[35mCREATE TABLE "accounts" ("id" bigserial primary key, "first_name" character varying, "last_name" character varying, "email" character varying, "created_at" timestamp(6) NOT NULL, "updated_at" timestamp(6) NOT NULL)[0m
  [1m[36mActiveRecord::SchemaMigration Create (0.3ms)[0m  [1m[32mINSERT INTO "schema_migrations" ("version") VALUES ($1) RETURNING "version"[0m  [["version", "20230528075331"]]
  [1m[36mTRANSACTION (0.6ms)[0m  [1m[35mCOMMIT[0m
Migrating to CreateProperties (20230528075447)
  [1m[36mTRANSACTION (0.3ms)[0m  [1m[35mBEGIN[0m
  [1m[35m (3.9ms)[0m  [1m[35mCREATE TABLE "properties" ("id" bigserial primary key, "account_id" bigint, "title" character varying, "price" integer, "rooms" integer, "bathrooms" integer, "photo" character varying, "avg_rating" integer, "created_at" timestamp(6) NOT NULL, "updated_at" timestamp(6) NOT NULL)[0m
  [1m[35m (2.0ms)[0m  [1m[35mCREATE INDEX "index_properties_on_account_id" ON "properties" ("account_id")[0m
  [1m[36mActiveRecord::SchemaMigration Create (0.2ms)[0m  [1m[32mINSERT INTO "schema_migrations" ("version") VALUES ($1) RETURNING "version"[0m  [["version", "20230528075447"]]
  [1m[36mTRANSACTION (0.6ms)[0m  [1m[35mCOMMIT[0m
Migrating to CreateLocations (20230528082720)
  [1m[36mTRANSACTION (0.3ms)[0m  [1m[35mBEGIN[0m
  [1m[35m (7.1ms)[0m  [1m[35mCREATE TABLE "locations" ("id" bigserial primary key, "property_id" bigint, "name" character varying, "address" character varying, "latitude" float, "longitude" float, "created_at" timestamp(6) NOT NULL, "updated_at" timestamp(6) NOT NULL)[0m
  [1m[35m (1.1ms)[0m  [1m[35mCREATE INDEX "index_locations_on_property_id" ON "locations" ("property_id")[0m
  [1m[35m (1.7ms)[0m  [1m[35mCREATE INDEX "index_locations_on_latitude" ON "locations" ("latitude")[0m
  [1m[35m (1.7ms)[0m  [1m[35mCREATE INDEX "index_locations_on_longitude" ON "locations" ("longitude")[0m
  [1m[36mActiveRecord::SchemaMigration Create (0.3ms)[0m  [1m[32mINSERT INTO "schema_migrations" ("version") VALUES ($1) RETURNING "version"[0m  [["version", "20230528082720"]]
  [1m[36mTRANSACTION (0.5ms)[0m  [1m[35mCOMMIT[0m
  [1m[36mActiveRecord::InternalMetadata Load (1.3ms)[0m  [1m[34mSELECT "ar_internal_metadata".* FROM "ar_internal_metadata" WHERE "ar_internal_metadata"."key" = $1 LIMIT $2[0m  [["key", "environment"], ["LIMIT", 1]]
  [1m[35m (0.3ms)[0m  [1m[34mSELECT pg_advisory_unlock(2963435355795465600)[0m
  [1m[36mActiveRecord::SchemaMigration Pluck (0.5ms)[0m  [1m[34mSELECT "schema_migrations"."version" FROM "schema_migrations" ORDER BY "schema_migrations"."version" ASC[0m
  [1m[35m (0.2ms)[0m  [1m[34mSELECT pg_try_advisory_lock(2963435355795465600)[0m
  [1m[36mActiveRecord::SchemaMigration Pluck (0.5ms)[0m  [1m[34mSELECT "schema_migrations"."version" FROM "schema_migrations" ORDER BY "schema_migrations"."version" ASC[0m
Migrating to CreateProperties (20230528075447)
  [1m[36mTRANSACTION (0.1ms)[0m  [1m[35mBEGIN[0m
  [1m[35m (7.1ms)[0m  [1m[35mDROP TABLE "properties"[0m
  [1m[36mActiveRecord::SchemaMigration Delete All (0.5ms)[0m  [1m[31mDELETE FROM "schema_migrations" WHERE "schema_migrations"."version" = $1[0m  [["version", "20230528075447"]]
  [1m[36mTRANSACTION (23.5ms)[0m  [1m[35mCOMMIT[0m
  [1m[35m (0.3ms)[0m  [1m[34mSELECT pg_advisory_unlock(2963435355795465600)[0m
  [1m[36mActiveRecord::SchemaMigration Pluck (0.5ms)[0m  [1m[34mSELECT "schema_migrations"."version" FROM "schema_migrations" ORDER BY "schema_migrations"."version" ASC[0m
  [1m[35m (0.1ms)[0m  [1m[34mSELECT pg_try_advisory_lock(2963435355795465600)[0m
  [1m[36mActiveRecord::SchemaMigration Pluck (0.5ms)[0m  [1m[34mSELECT "schema_migrations"."version" FROM "schema_migrations" ORDER BY "schema_migrations"."version" ASC[0m
Migrating to CreateLocations (20230528082720)
  [1m[36mTRANSACTION (0.2ms)[0m  [1m[35mBEGIN[0m
  [1m[35m (0.7ms)[0m  [1m[35mDROP INDEX  "index_locations_on_longitude"[0m
  [1m[35m (0.2ms)[0m  [1m[35mDROP INDEX  "index_locations_on_latitude"[0m
  [1m[35m (0.9ms)[0m  [1m[35mDROP TABLE "locations"[0m
  [1m[36mActiveRecord::SchemaMigration Delete All (0.7ms)[0m  [1m[31mDELETE FROM "schema_migrations" WHERE "schema_migrations"."version" = $1[0m  [["version", "20230528082720"]]
  [1m[36mTRANSACTION (2.4ms)[0m  [1m[35mCOMMIT[0m
  [1m[35m (0.2ms)[0m  [1m[34mSELECT pg_advisory_unlock(2963435355795465600)[0m
  [1m[36mActiveRecord::SchemaMigration Pluck (0.6ms)[0m  [1m[34mSELECT "schema_migrations"."version" FROM "schema_migrations" ORDER BY "schema_migrations"."version" ASC[0m
  [1m[35m (0.2ms)[0m  [1m[34mSELECT pg_try_advisory_lock(2963435355795465600)[0m
  [1m[36mActiveRecord::SchemaMigration Pluck (0.5ms)[0m  [1m[34mSELECT "schema_migrations"."version" FROM "schema_migrations" ORDER BY "schema_migrations"."version" ASC[0m
Migrating to CreateAccounts (20230528075331)
  [1m[36mTRANSACTION (0.2ms)[0m  [1m[35mBEGIN[0m
  [1m[35m (1.6ms)[0m  [1m[35mDROP TABLE "accounts"[0m
  [1m[36mActiveRecord::SchemaMigration Delete All (0.4ms)[0m  [1m[31mDELETE FROM "schema_migrations" WHERE "schema_migrations"."version" = $1[0m  [["version", "20230528075331"]]
  [1m[36mTRANSACTION (1.7ms)[0m  [1m[35mCOMMIT[0m
  [1m[35m (0.2ms)[0m  [1m[34mSELECT pg_advisory_unlock(2963435355795465600)[0m
  [1m[36mActiveRecord::SchemaMigration Pluck (0.6ms)[0m  [1m[34mSELECT "schema_migrations"."version" FROM "schema_migrations" ORDER BY "schema_migrations"."version" ASC[0m
  [1m[36mActiveRecord::SchemaMigration Pluck (0.7ms)[0m  [1m[34mSELECT "schema_migrations"."version" FROM "schema_migrations" ORDER BY "schema_migrations"."version" ASC[0m
  [1m[35m (0.2ms)[0m  [1m[34mSELECT pg_try_advisory_lock(2963435355795465600)[0m
  [1m[36mActiveRecord::SchemaMigration Pluck (0.6ms)[0m  [1m[34mSELECT "schema_migrations"."version" FROM "schema_migrations" ORDER BY "schema_migrations"."version" ASC[0m
Migrating to CreateAccounts (20230528075331)
  [1m[36mTRANSACTION (0.2ms)[0m  [1m[35mBEGIN[0m
  [1m[35m (19.3ms)[0m  [1m[35mCREATE TABLE "accounts" ("id" bigserial primary key, "first_name" character varying, "last_name" character varying, "email" character varying, "created_at" timestamp(6) NOT NULL, "updated_at" timestamp(6) NOT NULL)[0m
  [1m[36mActiveRecord::SchemaMigration Create (0.6ms)[0m  [1m[32mINSERT INTO "schema_migrations" ("version") VALUES ($1) RETURNING "version"[0m  [["version", "20230528075331"]]
  [1m[36mTRANSACTION (3.4ms)[0m  [1m[35mCOMMIT[0m
Migrating to CreateProperties (20230528075447)
  [1m[36mTRANSACTION (0.3ms)[0m  [1m[35mBEGIN[0m
  [1m[35m (9.4ms)[0m  [1m[35mCREATE TABLE "properties" ("id" bigserial primary key, "account_id" bigint, "title" character varying, "price" integer, "rooms" integer, "bathrooms" integer, "photo" character varying, "rating" integer, "created_at" timestamp(6) NOT NULL, "updated_at" timestamp(6) NOT NULL)[0m
  [1m[35m (1.5ms)[0m  [1m[35mCREATE INDEX "index_properties_on_account_id" ON "properties" ("account_id")[0m
  [1m[36mActiveRecord::SchemaMigration Create (0.2ms)[0m  [1m[32mINSERT INTO "schema_migrations" ("version") VALUES ($1) RETURNING "version"[0m  [["version", "20230528075447"]]
  [1m[36mTRANSACTION (0.6ms)[0m  [1m[35mCOMMIT[0m
Migrating to CreateLocations (20230528082720)
  [1m[36mTRANSACTION (0.3ms)[0m  [1m[35mBEGIN[0m
  [1m[35m (4.8ms)[0m  [1m[35mCREATE TABLE "locations" ("id" bigserial primary key, "property_id" bigint, "name" character varying, "address" character varying, "latitude" float, "longitude" float, "created_at" timestamp(6) NOT NULL, "updated_at" timestamp(6) NOT NULL)[0m
  [1m[35m (2.3ms)[0m  [1m[35mCREATE INDEX "index_locations_on_property_id" ON "locations" ("property_id")[0m
  [1m[35m (1.3ms)[0m  [1m[35mCREATE INDEX "index_locations_on_latitude" ON "locations" ("latitude")[0m
  [1m[35m (1.2ms)[0m  [1m[35mCREATE INDEX "index_locations_on_longitude" ON "locations" ("longitude")[0m
  [1m[36mActiveRecord::SchemaMigration Create (0.3ms)[0m  [1m[32mINSERT INTO "schema_migrations" ("version") VALUES ($1) RETURNING "version"[0m  [["version", "20230528082720"]]
  [1m[36mTRANSACTION (0.4ms)[0m  [1m[35mCOMMIT[0m
Migrating to CreateRatings (20230528101824)
  [1m[36mTRANSACTION (0.3ms)[0m  [1m[35mBEGIN[0m
  [1m[35m (3.0ms)[0m  [1m[35mCREATE TABLE "ratings" ("id" bigserial primary key, "property_id" bigint, "avg_rating" float, "location_rating" float, "facilities_rating" float, "created_at" timestamp(6) NOT NULL, "updated_at" timestamp(6) NOT NULL)[0m
  [1m[35m (0.8ms)[0m  [1m[35mCREATE INDEX "index_ratings_on_property_id" ON "ratings" ("property_id")[0m
  [1m[36mActiveRecord::SchemaMigration Create (0.4ms)[0m  [1m[32mINSERT INTO "schema_migrations" ("version") VALUES ($1) RETURNING "version"[0m  [["version", "20230528101824"]]
  [1m[36mTRANSACTION (0.6ms)[0m  [1m[35mCOMMIT[0m
  [1m[36mActiveRecord::InternalMetadata Load (0.9ms)[0m  [1m[34mSELECT "ar_internal_metadata".* FROM "ar_internal_metadata" WHERE "ar_internal_metadata"."key" = $1 LIMIT $2[0m  [["key", "environment"], ["LIMIT", 1]]
  [1m[35m (0.3ms)[0m  [1m[34mSELECT pg_advisory_unlock(2963435355795465600)[0m
  [1m[36mActiveRecord::SchemaMigration Pluck (1.0ms)[0m  [1m[34mSELECT "schema_migrations"."version" FROM "schema_migrations" ORDER BY "schema_migrations"."version" ASC[0m
  [1m[36mAccount Count (9.7ms)[0m  [1m[34mSELECT COUNT(*) FROM "accounts"[0m
  [1m[36mTRANSACTION (0.2ms)[0m  [1m[35mBEGIN[0m
  [1m[36mAccount Create (1.8ms)[0m  [1m[32mINSERT INTO "accounts" ("first_name", "last_name", "email", "created_at", "updated_at") VALUES ($1, $2, $3, $4, $5) RETURNING "id"[0m  [["first_name", "Yuliya"], ["last_name", "Sheremet"], ["email", "yuliya@izumo.com"], ["created_at", "2023-05-28 10:22:30.484711"], ["updated_at", "2023-05-28 10:22:30.484711"]]
  [1m[36mTRANSACTION (1.0ms)[0m  [1m[35mCOMMIT[0m
  [1m[36mAccount Count (0.4ms)[0m  [1m[34mSELECT COUNT(*) FROM "accounts"[0m
Started GET "/" for ::1 at 2023-05-28 19:22:56 +0900
  [1m[36mActiveRecord::SchemaMigration Pluck (2.9ms)[0m  [1m[34mSELECT "schema_migrations"."version" FROM "schema_migrations" ORDER BY "schema_migrations"."version" ASC[0m
Processing by WelcomeController#index as HTML
  Rendering layout layouts/application.html.erb
  Rendering welcome/index.html.erb within layouts/application
  Rendered welcome/index.html.erb within layouts/application (Duration: 6.6ms | Allocations: 125)
  Rendered layout layouts/application.html.erb (Duration: 43.4ms | Allocations: 2134)
Completed 200 OK in 51ms (Views: 49.1ms | ActiveRecord: 0.0ms | Allocations: 2884)


Started GET "/" for ::1 at 2023-05-28 19:23:06 +0900
Processing by WelcomeController#index as HTML
  Rendering layout layouts/application.html.erb
  Rendering welcome/index.html.erb within layouts/application
  Rendered welcome/index.html.erb within layouts/application (Duration: 0.0ms | Allocations: 7)
  Rendered layout layouts/application.html.erb (Duration: 14.8ms | Allocations: 1504)
Completed 200 OK in 16ms (Views: 15.4ms | ActiveRecord: 0.0ms | Allocations: 1753)


Started GET "/properties" for ::1 at 2023-05-28 19:23:08 +0900
Processing by PropertiesController#index as HTML
  [1m[36mProperty Load (4.1ms)[0m  [1m[34mSELECT "properties".* FROM "properties"[0m
  ↳ app/controllers/properties_controller.rb:7:in `index'
Completed 200 OK in 109ms (Views: 5.8ms | ActiveRecord: 4.1ms | Allocations: 2947)


Started GET "/property" for ::1 at 2023-05-28 19:23:12 +0900
  
ActionController::RoutingError (No route matches [GET] "/property"):
  
Started GET "/properties" for ::1 at 2023-05-28 19:23:15 +0900
Processing by PropertiesController#index as HTML
  [1m[36mProperty Load (0.3ms)[0m  [1m[34mSELECT "properties".* FROM "properties"[0m
  ↳ app/controllers/properties_controller.rb:7:in `index'
Completed 200 OK in 2ms (Views: 1.6ms | ActiveRecord: 0.3ms | Allocations: 717)


Started GET "/properties/new" for ::1 at 2023-05-28 19:23:17 +0900
Processing by PropertiesController#new as HTML
  Rendering layout layouts/application.html.erb
  Rendering properties/new.html.erb within layouts/application
  Rendered properties/_form.html.erb (Duration: 8.9ms | Allocations: 2823)
  Rendered properties/new.html.erb within layouts/application (Duration: 10.2ms | Allocations: 3163)
  Rendered layout layouts/application.html.erb (Duration: 17.0ms | Allocations: 4611)
Completed 200 OK in 72ms (Views: 18.1ms | ActiveRecord: 11.1ms | Allocations: 8832)


Started POST "/properties" for ::1 at 2023-05-28 19:24:08 +0900
Processing by PropertiesController#create as HTML
  Parameters: {"authenticity_token"=>"[FILTERED]", "property"=>{"title"=>"New property", "price"=>"20000.00", "roomms"=>"2", "bathrooms"=>"1", "photo"=>" ", "avg_rating"=>""}, "commit"=>"Create Property"}
Completed 500 Internal Server Error in 12ms (ActiveRecord: 0.0ms | Allocations: 1020)


  
ActiveModel::UnknownAttributeError (unknown attribute 'roomms' for Property.

          raise UnknownAttributeError.new(self, k.to_s)
          ^^^^^):
  
app/controllers/properties_controller.rb:25:in `create'
  [1m[36mProperty Count (0.7ms)[0m  [1m[34mSELECT COUNT(*) FROM "properties"[0m
  [1m[36mAccount Load (0.3ms)[0m  [1m[34mSELECT "accounts".* FROM "accounts" ORDER BY "accounts"."id" ASC LIMIT $1[0m  [["LIMIT", 1]]
  [1m[36mTRANSACTION (0.2ms)[0m  [1m[35mBEGIN[0m
  [1m[36mAccount Load (0.3ms)[0m  [1m[34mSELECT "accounts".* FROM "accounts" WHERE "accounts"."id" = $1 LIMIT $2[0m  [["id", 1], ["LIMIT", 1]]
  [1m[36mProperty Create (1.2ms)[0m  [1m[32mINSERT INTO "properties" ("account_id", "title", "price", "rooms", "bathrooms", "photo", "rating", "created_at", "updated_at") VALUES ($1, $2, $3, $4, $5, $6, $7, $8, $9) RETURNING "id"[0m  [["account_id", 1], ["title", "New house"], ["price", 2000], ["rooms", 2], ["bathrooms", 1], ["photo", nil], ["rating", nil], ["created_at", "2023-05-28 10:26:27.558788"], ["updated_at", "2023-05-28 10:26:27.558788"]]
  [1m[36mTRANSACTION (0.4ms)[0m  [1m[35mCOMMIT[0m
  [1m[36mProperty Count (0.5ms)[0m  [1m[34mSELECT COUNT(*) FROM "properties"[0m
Started GET "/" for ::1 at 2023-05-28 19:33:32 +0900
Processing by WelcomeController#index as HTML
  Rendering layout layouts/application.html.erb
  Rendering welcome/index.html.erb within layouts/application
  Rendered welcome/index.html.erb within layouts/application (Duration: 12.4ms | Allocations: 126)
  Rendered layout layouts/application.html.erb (Duration: 323.1ms | Allocations: 2121)
Completed 200 OK in 577ms (Views: 571.5ms | Allocations: 2724)


  [1m[35m (2.4ms)[0m  [1m[34mSELECT pg_try_advisory_lock(2963435355795465600)[0m
  [1m[36mActiveRecord::SchemaMigration Pluck (1.0ms)[0m  [1m[34mSELECT "schema_migrations"."version" FROM "schema_migrations" ORDER BY "schema_migrations"."version" ASC[0m
Migrating to CreateAccounts (20230528075331)
  [1m[36mTRANSACTION (0.2ms)[0m  [1m[35mBEGIN[0m
  [1m[35m (58.1ms)[0m  [1m[35mDROP TABLE "accounts"[0m
  [1m[36mActiveRecord::SchemaMigration Delete All (1.2ms)[0m  [1m[31mDELETE FROM "schema_migrations" WHERE "schema_migrations"."version" = $1[0m  [["version", "20230528075331"]]
  [1m[36mTRANSACTION (28.3ms)[0m  [1m[35mCOMMIT[0m
  [1m[35m (0.3ms)[0m  [1m[34mSELECT pg_advisory_unlock(2963435355795465600)[0m
  [1m[36mActiveRecord::SchemaMigration Pluck (0.5ms)[0m  [1m[34mSELECT "schema_migrations"."version" FROM "schema_migrations" ORDER BY "schema_migrations"."version" ASC[0m
  [1m[36mActiveRecord::SchemaMigration Pluck (0.8ms)[0m  [1m[34mSELECT "schema_migrations"."version" FROM "schema_migrations" ORDER BY "schema_migrations"."version" ASC[0m
  [1m[35m (0.2ms)[0m  [1m[34mSELECT pg_try_advisory_lock(2963435355795465600)[0m
  [1m[36mActiveRecord::SchemaMigration Pluck (0.5ms)[0m  [1m[34mSELECT "schema_migrations"."version" FROM "schema_migrations" ORDER BY "schema_migrations"."version" ASC[0m
Migrating to CreateProperties (20230528075447)
  [1m[36mTRANSACTION (0.1ms)[0m  [1m[35mBEGIN[0m
  [1m[35m (3.5ms)[0m  [1m[35mDROP TABLE "properties"[0m
  [1m[36mActiveRecord::SchemaMigration Delete All (0.4ms)[0m  [1m[31mDELETE FROM "schema_migrations" WHERE "schema_migrations"."version" = $1[0m  [["version", "20230528075447"]]
  [1m[36mTRANSACTION (5.9ms)[0m  [1m[35mCOMMIT[0m
  [1m[35m (0.3ms)[0m  [1m[34mSELECT pg_advisory_unlock(2963435355795465600)[0m
  [1m[36mActiveRecord::SchemaMigration Pluck (0.5ms)[0m  [1m[34mSELECT "schema_migrations"."version" FROM "schema_migrations" ORDER BY "schema_migrations"."version" ASC[0m
  [1m[35m (0.2ms)[0m  [1m[34mSELECT pg_try_advisory_lock(2963435355795465600)[0m
  [1m[36mActiveRecord::SchemaMigration Pluck (0.6ms)[0m  [1m[34mSELECT "schema_migrations"."version" FROM "schema_migrations" ORDER BY "schema_migrations"."version" ASC[0m
Migrating to CreateLocations (20230528082720)
  [1m[36mTRANSACTION (0.2ms)[0m  [1m[35mBEGIN[0m
  [1m[35m (1.1ms)[0m  [1m[35mDROP INDEX  "index_locations_on_longitude"[0m
  [1m[35m (0.2ms)[0m  [1m[35mDROP INDEX  "index_locations_on_latitude"[0m
  [1m[35m (6.2ms)[0m  [1m[35mDROP TABLE "locations"[0m
  [1m[36mActiveRecord::SchemaMigration Delete All (0.4ms)[0m  [1m[31mDELETE FROM "schema_migrations" WHERE "schema_migrations"."version" = $1[0m  [["version", "20230528082720"]]
  [1m[36mTRANSACTION (3.6ms)[0m  [1m[35mCOMMIT[0m
  [1m[35m (0.2ms)[0m  [1m[34mSELECT pg_advisory_unlock(2963435355795465600)[0m
  [1m[36mActiveRecord::SchemaMigration Pluck (0.9ms)[0m  [1m[34mSELECT "schema_migrations"."version" FROM "schema_migrations" ORDER BY "schema_migrations"."version" ASC[0m
  [1m[35m (0.1ms)[0m  [1m[34mSELECT pg_try_advisory_lock(2963435355795465600)[0m
  [1m[36mActiveRecord::SchemaMigration Pluck (0.5ms)[0m  [1m[34mSELECT "schema_migrations"."version" FROM "schema_migrations" ORDER BY "schema_migrations"."version" ASC[0m
Migrating to CreateRatings (20230528101824)
  [1m[36mTRANSACTION (0.1ms)[0m  [1m[35mBEGIN[0m
  [1m[35m (1.4ms)[0m  [1m[35mDROP TABLE "ratings"[0m
  [1m[36mActiveRecord::SchemaMigration Delete All (0.5ms)[0m  [1m[31mDELETE FROM "schema_migrations" WHERE "schema_migrations"."version" = $1[0m  [["version", "20230528101824"]]
  [1m[36mTRANSACTION (1.4ms)[0m  [1m[35mCOMMIT[0m
  [1m[35m (0.2ms)[0m  [1m[34mSELECT pg_advisory_unlock(2963435355795465600)[0m
  [1m[36mActiveRecord::SchemaMigration Pluck (0.6ms)[0m  [1m[34mSELECT "schema_migrations"."version" FROM "schema_migrations" ORDER BY "schema_migrations"."version" ASC[0m
  [1m[36mActiveRecord::SchemaMigration Pluck (0.6ms)[0m  [1m[34mSELECT "schema_migrations"."version" FROM "schema_migrations" ORDER BY "schema_migrations"."version" ASC[0m
  [1m[35m (0.2ms)[0m  [1m[34mSELECT pg_try_advisory_lock(2963435355795465600)[0m
  [1m[36mActiveRecord::SchemaMigration Pluck (0.5ms)[0m  [1m[34mSELECT "schema_migrations"."version" FROM "schema_migrations" ORDER BY "schema_migrations"."version" ASC[0m
Migrating to CreateAccounts (20230528075331)
  [1m[36mTRANSACTION (0.2ms)[0m  [1m[35mBEGIN[0m
  [1m[35m (62.1ms)[0m  [1m[35mCREATE TABLE "accounts" ("id" bigserial primary key, "first_name" character varying, "last_name" character varying, "email" character varying, "created_at" timestamp(6) NOT NULL, "updated_at" timestamp(6) NOT NULL)[0m
  [1m[36mActiveRecord::SchemaMigration Create (1.3ms)[0m  [1m[32mINSERT INTO "schema_migrations" ("version") VALUES ($1) RETURNING "version"[0m  [["version", "20230528075331"]]
  [1m[36mTRANSACTION (0.8ms)[0m  [1m[35mCOMMIT[0m
Migrating to CreateProperties (20230528075447)
  [1m[36mTRANSACTION (3.3ms)[0m  [1m[35mBEGIN[0m
  [1m[35m (10.6ms)[0m  [1m[35mCREATE TABLE "properties" ("id" bigserial primary key, "account_id" bigint, "title" character varying, "price" integer, "rooms" integer, "bathrooms" integer, "photo" character varying, "rating" integer, "created_at" timestamp(6) NOT NULL, "updated_at" timestamp(6) NOT NULL)[0m
  [1m[35m (6.0ms)[0m  [1m[35mCREATE INDEX "index_properties_on_account_id" ON "properties" ("account_id")[0m
  [1m[36mActiveRecord::SchemaMigration Create (0.3ms)[0m  [1m[32mINSERT INTO "schema_migrations" ("version") VALUES ($1) RETURNING "version"[0m  [["version", "20230528075447"]]
  [1m[36mTRANSACTION (0.5ms)[0m  [1m[35mCOMMIT[0m
Migrating to CreateLocations (20230528082720)
  [1m[36mTRANSACTION (0.3ms)[0m  [1m[35mBEGIN[0m
  [1m[35m (12.5ms)[0m  [1m[35mCREATE TABLE "locations" ("id" bigserial primary key, "property_id" bigint, "name" character varying, "address" character varying, "latitude" float, "longitude" float, "created_at" timestamp(6) NOT NULL, "updated_at" timestamp(6) NOT NULL)[0m
  [1m[35m (1.0ms)[0m  [1m[35mCREATE INDEX "index_locations_on_property_id" ON "locations" ("property_id")[0m
  [1m[35m (8.3ms)[0m  [1m[35mCREATE INDEX "index_locations_on_latitude" ON "locations" ("latitude")[0m
  [1m[35m (1.1ms)[0m  [1m[35mCREATE INDEX "index_locations_on_longitude" ON "locations" ("longitude")[0m
  [1m[36mActiveRecord::SchemaMigration Create (0.3ms)[0m  [1m[32mINSERT INTO "schema_migrations" ("version") VALUES ($1) RETURNING "version"[0m  [["version", "20230528082720"]]
  [1m[36mTRANSACTION (0.6ms)[0m  [1m[35mCOMMIT[0m
Migrating to CreateRatings (20230528101824)
  [1m[36mTRANSACTION (0.3ms)[0m  [1m[35mBEGIN[0m
  [1m[35m (3.4ms)[0m  [1m[35mCREATE TABLE "ratings" ("id" bigserial primary key, "property_id" bigint, "location_rating" float, "facilities_rating" float, "avg_rating" float, "created_at" timestamp(6) NOT NULL, "updated_at" timestamp(6) NOT NULL)[0m
  [1m[35m (1.0ms)[0m  [1m[35mCREATE INDEX "index_ratings_on_property_id" ON "ratings" ("property_id")[0m
  [1m[36mActiveRecord::SchemaMigration Create (0.3ms)[0m  [1m[32mINSERT INTO "schema_migrations" ("version") VALUES ($1) RETURNING "version"[0m  [["version", "20230528101824"]]
  [1m[36mTRANSACTION (0.8ms)[0m  [1m[35mCOMMIT[0m
  [1m[36mActiveRecord::InternalMetadata Load (1.8ms)[0m  [1m[34mSELECT "ar_internal_metadata".* FROM "ar_internal_metadata" WHERE "ar_internal_metadata"."key" = $1 LIMIT $2[0m  [["key", "environment"], ["LIMIT", 1]]
  [1m[35m (0.3ms)[0m  [1m[34mSELECT pg_advisory_unlock(2963435355795465600)[0m
  [1m[36mActiveRecord::SchemaMigration Pluck (0.6ms)[0m  [1m[34mSELECT "schema_migrations"."version" FROM "schema_migrations" ORDER BY "schema_migrations"."version" ASC[0m
  [1m[36mActiveRecord::SchemaMigration Pluck (0.5ms)[0m  [1m[34mSELECT "schema_migrations"."version" FROM "schema_migrations" ORDER BY "schema_migrations"."version" ASC[0m
Started GET "/" for ::1 at 2023-05-28 20:04:25 +0900
  [1m[36mActiveRecord::SchemaMigration Pluck (1.2ms)[0m  [1m[34mSELECT "schema_migrations"."version" FROM "schema_migrations" ORDER BY "schema_migrations"."version" ASC[0m
Processing by WelcomeController#index as HTML
  Rendering layout layouts/application.html.erb
  Rendering welcome/index.html.erb within layouts/application
  Rendered welcome/index.html.erb within layouts/application (Duration: 2.8ms | Allocations: 399)
  Rendered layout layouts/application.html.erb (Duration: 87.5ms | Allocations: 8107)
Completed 200 OK in 98ms (Views: 94.2ms | ActiveRecord: 0.0ms | Allocations: 9826)


Started GET "/" for ::1 at 2023-05-28 20:04:30 +0900
Processing by WelcomeController#index as HTML
  Rendering layout layouts/application.html.erb
  Rendering welcome/index.html.erb within layouts/application
  Rendered welcome/index.html.erb within layouts/application (Duration: 0.1ms | Allocations: 7)
  Rendered layout layouts/application.html.erb (Duration: 263.0ms | Allocations: 1488)
Completed 200 OK in 272ms (Views: 265.3ms | ActiveRecord: 0.0ms | Allocations: 1758)


Started GET "/routes" for ::1 at 2023-05-28 20:04:32 +0900
  
ActionController::RoutingError (No route matches [GET] "/routes"):
  
Started GET "/rails/routes" for ::1 at 2023-05-28 20:04:40 +0900
  
ActionController::RoutingError (No route matches [GET] "/rails/routes"):
  
Started GET "/" for ::1 at 2023-05-28 20:11:18 +0900
  [1m[36mActiveRecord::SchemaMigration Pluck (2.2ms)[0m  [1m[34mSELECT "schema_migrations"."version" FROM "schema_migrations" ORDER BY "schema_migrations"."version" ASC[0m
Processing by WelcomeController#index as HTML
  Rendering layout layouts/application.html.erb
  Rendering welcome/index.html.erb within layouts/application
  Rendered welcome/index.html.erb within layouts/application (Duration: 2.1ms | Allocations: 399)
  Rendered layout layouts/application.html.erb (Duration: 44.6ms | Allocations: 8108)
Completed 200 OK in 51ms (Views: 50.3ms | ActiveRecord: 0.0ms | Allocations: 9827)


